#
# A fatal error has been detected by the Java Runtime Environment:
#
#  EXCEPTION_ACCESS_VIOLATION (0xc0000005) at pc=0x000007fee31e087d, pid=4960, tid=5772
#
# JRE version: OpenJDK Runtime Environment (14.0.2+12) (build 14.0.2+12-46)
# Java VM: OpenJDK 64-Bit Server VM (14.0.2+12-46, mixed mode, tiered, compressed oops, g1 gc, windows-amd64)
# Problematic frame:
# V  [jvm.dll+0x6c087d]
#
# No core dump will be written. Minidumps are not enabled by default on client versions of Windows
#
# If you would like to submit a bug report, please visit:
#   https://bugreport.java.com/bugreport/crash.jsp
#

---------------  S U M M A R Y ------------

Command Line: -Dfile.encoding=UTF-8 -XX:+ShowCodeDetailsInExceptionMessages com.shopme.admin.ShopmeBackEndApplication

Host: Intel(R) Pentium(R) CPU B960 @ 2.20GHz, 2 cores, 3G,  Windows 7 , 64 bit Build 7601 (6.1.7601.17514)
Time: Fri Jul 30 17:19:41 2021 Egypt Daylight Time elapsed time: 19 seconds (0d 0h 0m 19s)

---------------  T H R E A D  ---------------

Current thread (0x000000005af59800):  JavaThread "Service Thread" daemon [_thread_in_vm, id=5772, stack(0x000000005b960000,0x000000005ba60000)]

Stack: [0x000000005b960000,0x000000005ba60000],  sp=0x000000005ba5f0e0,  free space=1020k
Native frames: (J=compiled Java code, j=interpreted, Vv=VM code, C=native code)
V  [jvm.dll+0x6c087d]
V  [jvm.dll+0x6c162c]
V  [jvm.dll+0x6c1dd3]
V  [jvm.dll+0x65c9a1]
V  [jvm.dll+0x7070cd]
V  [jvm.dll+0x6ffeda]
V  [jvm.dll+0x5f78f6]
C  [ucrtbase.DLL+0x203ba]
C  [kernel32.dll+0x1652d]
C  [ntdll.dll+0x2c521]


siginfo: EXCEPTION_ACCESS_VIOLATION (0xc0000005), reading address 0x00000008616df500


Register to memory mapping:

RIP=0x000007fee31e087d jvm.dll
RAX=0x0000000061e57670 points into unknown readable memory: 01 00 08 00 ce 6e 64 6f
RBX=0x0 is NULL
RCX=0x0000000000080001 points into unknown readable memory: 00 74 00 68 00 61 00
RDX=0x0000000060009240 points into unknown readable memory: 00 83 e4 5f 00 00 00 00
RSP=0x000000005ba5f0e0 is pointing into the stack for thread: 0x000000005af59800
RBP=0x00000000004e5d60 points into unknown readable memory: 84 00 00 00 00 00 00 00
RSI=0x000000001a5a5f88 points into unknown readable memory: 90 76 e5 61 00 00 00 00
RDI=0x0000000000004000 is an unknown value
R8 =0x00000008616df500 is an unknown value
R9 =0x009f1cec07d4000d is an unknown value
R10=0x0000000000412300 points into unknown readable memory: 06 00 63 00 00 00 00 00
R11=0x000000005f8d1340 points into unknown readable memory: 50 15 8d 5f 00 00 00 00
R12=0x000000005ba5fa78 is pointing into the stack for thread: 0x000000005af59800
R13=0x000000005af59800 is a thread
R14=0x0 is NULL
R15=0x00000000000039f6 is an unknown value


Registers:
RAX=0x0000000061e57670, RBX=0x0000000000000000, RCX=0x0000000000080001, RDX=0x0000000060009240
RSP=0x000000005ba5f0e0, RBP=0x00000000004e5d60, RSI=0x000000001a5a5f88, RDI=0x0000000000004000
R8 =0x00000008616df500, R9 =0x009f1cec07d4000d, R10=0x0000000000412300, R11=0x000000005f8d1340
R12=0x000000005ba5fa78, R13=0x000000005af59800, R14=0x0000000000000000, R15=0x00000000000039f6
RIP=0x000007fee31e087d, EFLAGS=0x0000000000010206

Top of Stack: (sp=0x000000005ba5f0e0)
0x000000005ba5f0e0:   0000000061e5d0b0 0000000000000000
0x000000005ba5f0f0:   0000000000000000 000000000000000f
0x000000005ba5f100:   00000000004e5d60 000000005ba5fa80
0x000000005ba5f110:   000000005ba5fa78 000000005af59800
0x000000005ba5f120:   00000000000039f6 0000000000004000
0x000000005ba5f130:   000000001a5459f0 0000000000000200
0x000000005ba5f140:   000000005dd2cf50 000000005afc4fc0
0x000000005ba5f150:   0000000000000080 000000005afc4fd0
0x000000005ba5f160:   0000000000000000 00000000000003ff
0x000000005ba5f170:   00000180000003ff 0000000000000186
0x000000005ba5f180:   0000000000000000 0000000000000000
0x000000005ba5f190:   0000000000000080 0000000000000000
0x000000005ba5f1a0:   000000005af1ec30 00000000000003ff
0x000000005ba5f1b0:   0000000000000000 0000000000000186
0x000000005ba5f1c0:   0000000000000000 0000000000000000
0x000000005ba5f1d0:   0000000000000200 0000000000000000 

Instructions: (pc=0x000007fee31e087d)
0x000007fee31e077d:   00 48 8b 9c 24 78 08 00 00 48 81 c4 30 08 00 00
0x000007fee31e078d:   41 5f 41 5e 41 5c 5f 5e c3 cc cc cc cc cc cc cc
0x000007fee31e079d:   cc cc cc 40 53 55 56 57 41 54 41 55 41 57 48 81
0x000007fee31e07ad:   ec 70 08 00 00 48 8b 05 3f 30 33 00 48 33 c4 48
0x000007fee31e07bd:   89 84 24 60 08 00 00 48 8b 71 08 49 8b f9 48 8b
0x000007fee31e07cd:   9a 08 01 00 00 4d 8b f8 48 8b 84 24 d8 08 00 00
0x000007fee31e07dd:   4c 8b ea 4c 8b a4 24 d0 08 00 00 48 8b e9 48 89
0x000007fee31e07ed:   44 24 28 48 8b c3 4c 89 4c 24 48 48 89 54 24 38
0x000007fee31e07fd:   48 89 4c 24 20 4c 89 64 24 30 48 89 74 24 50 f6
0x000007fee31e080d:   c3 01 75 0b 48 8b 05 e8 f7 37 00 48 83 c8 01 48
0x000007fee31e081d:   89 82 08 01 00 00 e8 a8 9e f2 ff 4c 3b ff 0f 83
0x000007fee31e082d:   a1 02 00 00 4c 89 b4 24 b8 08 00 00 45 33 f6 0f
0x000007fee31e083d:   1f 40 00 48 8b 06 4a 8d 34 f8 49 ff c7 4c 3b ff
0x000007fee31e084d:   4c 89 7c 24 40 4c 8d 46 08 4d 0f 43 c6 4d 85 c0
0x000007fee31e085d:   74 09 4d 8b 00 49 83 e0 fc eb 03 4d 8b c6 48 8b
0x000007fee31e086d:   16 48 83 e2 fc 0f 84 44 02 00 00 4d 85 c0 74 03
0x000007fee31e087d:   4d 8b 00 48 8b 02 49 ff 04 24 48 8b 42 08 8b 08
0x000007fee31e088d:   66 85 c9 74 0d 48 8b 12 48 85 d2 75 de e9 1d 02
0x000007fee31e089d:   00 00 49 89 9d 08 01 00 00 41 8b fe 0f 1f 80 00
0x000007fee31e08ad:   00 00 00 48 8b 06 a8 01 75 22 48 8b 1e 48 8b d6
0x000007fee31e08bd:   48 8b 05 74 87 31 00 48 83 e3 fc 48 8b cb 4c 8b
0x000007fee31e08cd:   c3 48 83 c9 01 ff d0 48 3b c3 74 31 8d 5f 01 81
0x000007fee31e08dd:   ff ff 1f 00 00 75 11 e8 07 49 f3 ff 3b ff 41 8b
0x000007fee31e08ed:   c6 0f 45 c3 8b f8 eb bb e8 d6 bd 94 ff 81 ff ff
0x000007fee31e08fd:   1f 00 00 41 8b c6 0f 45 c3 8b f8 eb a6 48 8b 06
0x000007fee31e090d:   4c 8b c6 48 83 e0 fc 74 49 66 66 0f 1f 84 00 00
0x000007fee31e091d:   00 00 00 49 ff 04 24 48 8b 48 08 8b 11 66 85 d2
0x000007fee31e092d:   75 25 4a 89 44 f4 60 49 ff c6 48 8b 00 49 8b 08
0x000007fee31e093d:   48 33 c8 83 e1 03 48 33 c8 49 89 08 49 81 fe 00
0x000007fee31e094d:   01 00 00 74 0d eb 06 4c 8b c0 48 8b 00 48 85 c0
0x000007fee31e095d:   75 c1 48 8b 06 48 83 e0 fc 80 bc 24 e0 08 00 00
0x000007fee31e096d:   00 48 89 06 75 12 e8 58 9d f2 ff 48 8b 45 48 49 


Stack slot to memory mapping:
stack at sp + 0 slots: 0x0000000061e5d0b0 points into unknown readable memory: a0 0a 05 62 00 00 00 00
stack at sp + 1 slots: 0x0 is NULL
stack at sp + 2 slots: 0x0 is NULL
stack at sp + 3 slots: 0x000000000000000f is an unknown value
stack at sp + 4 slots: 0x00000000004e5d60 points into unknown readable memory: 84 00 00 00 00 00 00 00
stack at sp + 5 slots: 0x000000005ba5fa80 is pointing into the stack for thread: 0x000000005af59800
stack at sp + 6 slots: 0x000000005ba5fa78 is pointing into the stack for thread: 0x000000005af59800
stack at sp + 7 slots: 0x000000005af59800 is a thread


---------------  P R O C E S S  ---------------

Threads class SMR info:
_java_thread_list=0x0000000062d22f00, length=23, elements={
0x0000000000462000, 0x000000005af07000, 0x000000005af09800, 0x000000005af2a800,
0x000000005af56800, 0x000000005af59800, 0x000000005af5b000, 0x000000005afd1000,
0x000000005afd4800, 0x000000005c090000, 0x000000005c09b000, 0x000000005d433000,
0x000000005d42b000, 0x000000005f0ec800, 0x000000005f0ed000, 0x000000005f590000,
0x000000005f592000, 0x000000005fcd7800, 0x0000000061480000, 0x000000006147e800,
0x0000000061481800, 0x000000006147f000, 0x0000000061480800
}

Java Threads: ( => current thread )
  0x0000000000462000 JavaThread "main" [_thread_blocked, id=4140, stack(0x0000000001f60000,0x0000000002060000)]
  0x000000005af07000 JavaThread "Reference Handler" daemon [_thread_blocked, id=5068, stack(0x000000005b300000,0x000000005b400000)]
  0x000000005af09800 JavaThread "Finalizer" daemon [_thread_blocked, id=4324, stack(0x000000005b530000,0x000000005b630000)]
  0x000000005af2a800 JavaThread "Signal Dispatcher" daemon [_thread_blocked, id=6040, stack(0x000000005b780000,0x000000005b880000)]
  0x000000005af56800 JavaThread "Attach Listener" daemon [_thread_blocked, id=4124, stack(0x000000005b680000,0x000000005b780000)]
=>0x000000005af59800 JavaThread "Service Thread" daemon [_thread_in_vm, id=5772, stack(0x000000005b960000,0x000000005ba60000)]
  0x000000005af5b000 JavaThread "C2 CompilerThread0" daemon [_thread_blocked, id=5348, stack(0x000000005bac0000,0x000000005bbc0000)]
  0x000000005afd1000 JavaThread "C1 CompilerThread0" daemon [_thread_blocked, id=5128, stack(0x000000005bd30000,0x000000005be30000)]
  0x000000005afd4800 JavaThread "Sweeper thread" daemon [_thread_blocked, id=5736, stack(0x000000005beb0000,0x000000005bfb0000)]
  0x000000005c090000 JavaThread "Notification Thread" daemon [_thread_blocked, id=4028, stack(0x000000005c480000,0x000000005c580000)]
  0x000000005c09b000 JavaThread "Common-Cleaner" daemon [_thread_blocked, id=3344, stack(0x000000005c690000,0x000000005c790000)]
  0x000000005d433000 JavaThread "Thread-0" [_thread_blocked, id=5252, stack(0x000000005e620000,0x000000005e720000)]
  0x000000005d42b000 JavaThread "restartedMain" [_thread_blocked, id=5248, stack(0x000000005b420000,0x000000005b520000)]
  0x000000005f0ec800 JavaThread "Catalina-utility-1" [_thread_blocked, id=2824, stack(0x000000005c590000,0x000000005c690000)]
  0x000000005f0ed000 JavaThread "Catalina-utility-2" [_thread_blocked, id=6000, stack(0x000000005c7f0000,0x000000005c8f0000)]
  0x000000005f590000 JavaThread "container-0" [_thread_blocked, id=5244, stack(0x000000005eb70000,0x000000005ec70000)]
  0x000000005f592000 JavaThread "mysql-cj-abandoned-connection-cleanup" daemon [_thread_blocked, id=5864, stack(0x000000005eed0000,0x000000005efd0000)]
  0x000000005fcd7800 JavaThread "HikariPool-1 housekeeper" daemon [_thread_blocked, id=4884, stack(0x0000000063f90000,0x0000000064090000)]
  0x0000000061480000 JavaThread "Live Reload Server" daemon [_thread_in_native, id=5040, stack(0x0000000064cc0000,0x0000000064dc0000)]
  0x000000006147e800 JavaThread "ClassGraph-worker-16" daemon [_thread_blocked, id=4820, stack(0x00000000640d0000,0x00000000641d0000)]
  0x0000000061481800 JavaThread "ClassGraph-worker-17" daemon [_thread_blocked, id=4828, stack(0x00000000655f0000,0x00000000656f0000)]
  0x000000006147f000 JavaThread "ClassGraph-worker-18" daemon [_thread_blocked, id=3236, stack(0x0000000065a90000,0x0000000065b90000)]
  0x0000000061480800 JavaThread "ClassGraph-worker-19" daemon [_thread_blocked, id=4804, stack(0x0000000065c40000,0x0000000065d40000)]

Other Threads:
  0x000000005af1b800 VMThread "VM Thread" [stack: 0x000000005b0e0000,0x000000005b1e0000] [id=5044] _threads_hazard_ptr=0x0000000062d22f00
  0x000000005c091000 WatcherThread [stack: 0x000000005bc10000,0x000000005bd10000] [id=5124]
  0x0000000000494000 GCTaskThread "GC Thread#0" [stack: 0x0000000017cc0000,0x0000000017dc0000] [id=5384]
  0x000000005c3ab000 GCTaskThread "GC Thread#1" [stack: 0x000000005b200000,0x000000005b300000] [id=4248]
  0x000000000049d800 ConcurrentGCThread "G1 Main Marker" [stack: 0x0000000017df0000,0x0000000017ef0000] [id=5712]
  0x00000000004a1000 ConcurrentGCThread "G1 Conc#0" [stack: 0x0000000018070000,0x0000000018170000] [id=5992]
  0x00000000004e9800 ConcurrentGCThread "G1 Refine#0" [stack: 0x000000001a340000,0x000000001a440000] [id=5160]
  0x00000000004eb800 ConcurrentGCThread "G1 Young RemSet Sampling" [stack: 0x000000001a440000,0x000000001a540000] [id=5820]

Threads with active compile tasks:
C2 CompilerThread0    19700 7567 %     4       io.github.classgraph.ClasspathElementZip::scanPaths @ 418 (738 bytes)

VM state:synchronizing (normal execution)

VM Mutex/Monitor currently owned by a thread:  ([mutex/lock_event])
[0x000000000045b3d0] Threads_lock - owner thread: 0x000000005af1b800
[0x000000000045ba90] Heap_lock - owner thread: 0x000000000049d800

Heap address: 0x00000000c0c00000, size: 1012 MB, Compressed Oops mode: 32-bit
Narrow klass base: 0x0000000000000000, Narrow klass shift: 0
Compressed class space size: 1073741824 Address: 0x000000001a640000

Heap:
 garbage-first heap   total 114688K, used 71960K [0x00000000c0c00000, 0x0000000100000000)
  region size 1024K, 25 young (25600K), 4 survivors (4096K)
 Metaspace       used 72200K, capacity 73863K, committed 73984K, reserved 1114112K
  class space    used 9025K, capacity 9671K, committed 9728K, reserved 1048576K
Heap Regions: E=young(eden), S=young(survivor), O=old, HS=humongous(starts), HC=humongous(continues), CS=collection set, F=free, OA=open archive, CA=closed archive, TAMS=top-at-mark-start (previous, next)
|   0|0x00000000c0c00000, 0x00000000c0d00000, 0x00000000c0d00000|100%|HS|  |TAMS 0x00000000c0d00000, 0x00000000c0c00000| Complete 
|   1|0x00000000c0d00000, 0x00000000c0e00000, 0x00000000c0e00000|100%|HS|  |TAMS 0x00000000c0e00000, 0x00000000c0d00000| Complete 
|   2|0x00000000c0e00000, 0x00000000c0f00000, 0x00000000c0f00000|100%| O|  |TAMS 0x00000000c0f00000, 0x00000000c0e00000| Updating 
|   3|0x00000000c0f00000, 0x00000000c1000000, 0x00000000c1000000|100%| O|  |TAMS 0x00000000c1000000, 0x00000000c0f00000| Updating 
|   4|0x00000000c1000000, 0x00000000c1100000, 0x00000000c1100000|100%| O|  |TAMS 0x00000000c1100000, 0x00000000c1000000| Updating 
|   5|0x00000000c1100000, 0x00000000c1200000, 0x00000000c1200000|100%| O|  |TAMS 0x00000000c1200000, 0x00000000c1100000| Updating 
|   6|0x00000000c1200000, 0x00000000c1300000, 0x00000000c1300000|100%| O|  |TAMS 0x00000000c1300000, 0x00000000c1200000| Updating 
|   7|0x00000000c1300000, 0x00000000c1346200, 0x00000000c1400000| 27%| O|  |TAMS 0x00000000c1346200, 0x00000000c1300000| Updating 
|   8|0x00000000c1400000, 0x00000000c1500000, 0x00000000c1500000|100%| O|  |TAMS 0x00000000c1500000, 0x00000000c1400000| Updating 
|   9|0x00000000c1500000, 0x00000000c1600000, 0x00000000c1600000|100%| O|  |TAMS 0x00000000c1600000, 0x00000000c1500000| Updating 
|  10|0x00000000c1600000, 0x00000000c1700000, 0x00000000c1700000|100%| O|  |TAMS 0x00000000c1700000, 0x00000000c1600000| Updating 
|  11|0x00000000c1700000, 0x00000000c1800000, 0x00000000c1800000|100%| O|  |TAMS 0x00000000c1800000, 0x00000000c1700000| Updating 
|  12|0x00000000c1800000, 0x00000000c1900000, 0x00000000c1900000|100%| O|  |TAMS 0x00000000c1900000, 0x00000000c1800000| Updating 
|  13|0x00000000c1900000, 0x00000000c1a00000, 0x00000000c1a00000|100%| O|  |TAMS 0x00000000c1a00000, 0x00000000c1900000| Updating 
|  14|0x00000000c1a00000, 0x00000000c1b00000, 0x00000000c1b00000|100%| O|  |TAMS 0x00000000c1b00000, 0x00000000c1a00000| Updating 
|  15|0x00000000c1b00000, 0x00000000c1c00000, 0x00000000c1c00000|100%| O|  |TAMS 0x00000000c1c00000, 0x00000000c1b00000| Updating 
|  16|0x00000000c1c00000, 0x00000000c1d00000, 0x00000000c1d00000|100%| O|  |TAMS 0x00000000c1d00000, 0x00000000c1c00000| Updating 
|  17|0x00000000c1d00000, 0x00000000c1e00000, 0x00000000c1e00000|100%| O|  |TAMS 0x00000000c1e00000, 0x00000000c1d00000| Updating 
|  18|0x00000000c1e00000, 0x00000000c1f00000, 0x00000000c1f00000|100%| O|  |TAMS 0x00000000c1f00000, 0x00000000c1e00000| Updating 
|  19|0x00000000c1f00000, 0x00000000c2000000, 0x00000000c2000000|100%| O|  |TAMS 0x00000000c2000000, 0x00000000c1f00000| Updating 
|  20|0x00000000c2000000, 0x00000000c2100000, 0x00000000c2100000|100%| O|  |TAMS 0x00000000c2100000, 0x00000000c2000000| Updating 
|  21|0x00000000c2100000, 0x00000000c2200000, 0x00000000c2200000|100%| O|  |TAMS 0x00000000c2200000, 0x00000000c2100000| Updating 
|  22|0x00000000c2200000, 0x00000000c2300000, 0x00000000c2300000|100%| O|  |TAMS 0x00000000c2300000, 0x00000000c2200000| Updating 
|  23|0x00000000c2300000, 0x00000000c2400000, 0x00000000c2400000|100%| O|  |TAMS 0x00000000c2400000, 0x00000000c2300000| Updating 
|  24|0x00000000c2400000, 0x00000000c2500000, 0x00000000c2500000|100%| O|  |TAMS 0x00000000c2500000, 0x00000000c2400000| Updating 
|  25|0x00000000c2500000, 0x00000000c2600000, 0x00000000c2600000|100%| O|  |TAMS 0x00000000c2600000, 0x00000000c2500000| Updating 
|  26|0x00000000c2600000, 0x00000000c2700000, 0x00000000c2700000|100%| O|  |TAMS 0x00000000c2700000, 0x00000000c2600000| Updating 
|  27|0x00000000c2700000, 0x00000000c2800000, 0x00000000c2800000|100%| O|  |TAMS 0x00000000c2800000, 0x00000000c2700000| Updating 
|  28|0x00000000c2800000, 0x00000000c2900000, 0x00000000c2900000|100%| O|  |TAMS 0x00000000c2900000, 0x00000000c2800000| Updating 
|  29|0x00000000c2900000, 0x00000000c2a00000, 0x00000000c2a00000|100%| O|  |TAMS 0x00000000c2a00000, 0x00000000c2900000| Updating 
|  30|0x00000000c2a00000, 0x00000000c2b00000, 0x00000000c2b00000|100%|HS|  |TAMS 0x00000000c2a00000, 0x00000000c2a00000| Complete 
|  31|0x00000000c2b00000, 0x00000000c2c00000, 0x00000000c2c00000|100%| O|  |TAMS 0x00000000c2b00000, 0x00000000c2b00000| Untracked 
|  32|0x00000000c2c00000, 0x00000000c2d00000, 0x00000000c2d00000|100%| O|  |TAMS 0x00000000c2d00000, 0x00000000c2c00000| Updating 
|  33|0x00000000c2d00000, 0x00000000c2e00000, 0x00000000c2e00000|100%| O|  |TAMS 0x00000000c2e00000, 0x00000000c2d00000| Updating 
|  34|0x00000000c2e00000, 0x00000000c2f00000, 0x00000000c2f00000|100%| O|  |TAMS 0x00000000c2f00000, 0x00000000c2e00000| Updating 
|  35|0x00000000c2f00000, 0x00000000c3000000, 0x00000000c3000000|100%| O|  |TAMS 0x00000000c3000000, 0x00000000c2f00000| Updating 
|  36|0x00000000c3000000, 0x00000000c3100000, 0x00000000c3100000|100%| O|  |TAMS 0x00000000c3100000, 0x00000000c3000000| Updating 
|  37|0x00000000c3100000, 0x00000000c3200000, 0x00000000c3200000|100%| O|  |TAMS 0x00000000c3200000, 0x00000000c3100000| Updating 
|  38|0x00000000c3200000, 0x00000000c3300000, 0x00000000c3300000|100%| O|  |TAMS 0x00000000c3300000, 0x00000000c3200000| Updating 
|  39|0x00000000c3300000, 0x00000000c3400000, 0x00000000c3400000|100%| O|  |TAMS 0x00000000c3400000, 0x00000000c3300000| Updating 
|  40|0x00000000c3400000, 0x00000000c3500000, 0x00000000c3500000|100%| O|  |TAMS 0x00000000c3500000, 0x00000000c3400000| Updating 
|  41|0x00000000c3500000, 0x00000000c3600000, 0x00000000c3600000|100%| O|  |TAMS 0x00000000c3600000, 0x00000000c3500000| Updating 
|  42|0x00000000c3600000, 0x00000000c3600000, 0x00000000c3700000|  0%| F|  |TAMS 0x00000000c3600000, 0x00000000c3600000| Untracked 
|  43|0x00000000c3700000, 0x00000000c3700000, 0x00000000c3800000|  0%| F|  |TAMS 0x00000000c3700000, 0x00000000c3700000| Untracked 
|  44|0x00000000c3800000, 0x00000000c3800000, 0x00000000c3900000|  0%| F|  |TAMS 0x00000000c3800000, 0x00000000c3800000| Untracked 
|  45|0x00000000c3900000, 0x00000000c3a00000, 0x00000000c3a00000|100%| O|  |TAMS 0x00000000c3900000, 0x00000000c3900000| Untracked 
|  46|0x00000000c3a00000, 0x00000000c3b00000, 0x00000000c3b00000|100%| O|  |TAMS 0x00000000c3a00000, 0x00000000c3a00000| Untracked 
|  47|0x00000000c3b00000, 0x00000000c3c00000, 0x00000000c3c00000|100%| O|  |TAMS 0x00000000c3b00000, 0x00000000c3b00000| Untracked 
|  48|0x00000000c3c00000, 0x00000000c3c00000, 0x00000000c3d00000|  0%| F|  |TAMS 0x00000000c3c00000, 0x00000000c3c00000| Untracked 
|  49|0x00000000c3d00000, 0x00000000c3e00000, 0x00000000c3e00000|100%| O|  |TAMS 0x00000000c3e00000, 0x00000000c3d00000| Updating 
|  50|0x00000000c3e00000, 0x00000000c3f00000, 0x00000000c3f00000|100%| O|  |TAMS 0x00000000c3e00000, 0x00000000c3e00000| Untracked 
|  51|0x00000000c3f00000, 0x00000000c3f00000, 0x00000000c4000000|  0%| F|  |TAMS 0x00000000c3f00000, 0x00000000c3f00000| Untracked 
|  52|0x00000000c4000000, 0x00000000c4000000, 0x00000000c4100000|  0%| F|  |TAMS 0x00000000c4000000, 0x00000000c4000000| Untracked 
|  53|0x00000000c4100000, 0x00000000c4200000, 0x00000000c4200000|100%| O|  |TAMS 0x00000000c4174000, 0x00000000c4100000| Updating 
|  54|0x00000000c4200000, 0x00000000c4200000, 0x00000000c4300000|  0%| F|  |TAMS 0x00000000c4200000, 0x00000000c4200000| Untracked 
|  55|0x00000000c4300000, 0x00000000c4300000, 0x00000000c4400000|  0%| F|  |TAMS 0x00000000c4300000, 0x00000000c4300000| Untracked 
|  56|0x00000000c4400000, 0x00000000c4400000, 0x00000000c4500000|  0%| F|  |TAMS 0x00000000c4400000, 0x00000000c4400000| Untracked 
|  57|0x00000000c4500000, 0x00000000c4500000, 0x00000000c4600000|  0%| F|  |TAMS 0x00000000c4500000, 0x00000000c4500000| Untracked 
|  58|0x00000000c4600000, 0x00000000c4600000, 0x00000000c4700000|  0%| F|  |TAMS 0x00000000c4600000, 0x00000000c4600000| Untracked 
|  59|0x00000000c4700000, 0x00000000c4700000, 0x00000000c4800000|  0%| F|  |TAMS 0x00000000c4700000, 0x00000000c4700000| Untracked 
|  60|0x00000000c4800000, 0x00000000c4800000, 0x00000000c4900000|  0%| F|  |TAMS 0x00000000c4800000, 0x00000000c4800000| Untracked 
|  61|0x00000000c4900000, 0x00000000c4900000, 0x00000000c4a00000|  0%| F|  |TAMS 0x00000000c4900000, 0x00000000c4900000| Untracked 
|  62|0x00000000c4a00000, 0x00000000c4a00000, 0x00000000c4b00000|  0%| F|  |TAMS 0x00000000c4a00000, 0x00000000c4a00000| Untracked 
|  63|0x00000000c4b00000, 0x00000000c4b00000, 0x00000000c4c00000|  0%| F|  |TAMS 0x00000000c4b00000, 0x00000000c4b00000| Untracked 
|  64|0x00000000c4c00000, 0x00000000c4c00000, 0x00000000c4d00000|  0%| F|  |TAMS 0x00000000c4c00000, 0x00000000c4c00000| Untracked 
|  65|0x00000000c4d00000, 0x00000000c4d00000, 0x00000000c4e00000|  0%| F|  |TAMS 0x00000000c4d00000, 0x00000000c4d00000| Untracked 
|  66|0x00000000c4e00000, 0x00000000c4e00000, 0x00000000c4f00000|  0%| F|  |TAMS 0x00000000c4e00000, 0x00000000c4e00000| Untracked 
|  67|0x00000000c4f00000, 0x00000000c4f00000, 0x00000000c5000000|  0%| F|  |TAMS 0x00000000c4f00000, 0x00000000c4f00000| Untracked 
|  68|0x00000000c5000000, 0x00000000c5000000, 0x00000000c5100000|  0%| F|  |TAMS 0x00000000c5000000, 0x00000000c5000000| Untracked 
|  69|0x00000000c5100000, 0x00000000c5100000, 0x00000000c5200000|  0%| F|  |TAMS 0x00000000c5100000, 0x00000000c5100000| Untracked 
|  70|0x00000000c5200000, 0x00000000c5200000, 0x00000000c5300000|  0%| F|  |TAMS 0x00000000c5200000, 0x00000000c5200000| Untracked 
|  71|0x00000000c5300000, 0x00000000c5400000, 0x00000000c5400000|100%| S|CS|TAMS 0x00000000c5300000, 0x00000000c5300000| Complete 
|  72|0x00000000c5400000, 0x00000000c5500000, 0x00000000c5500000|100%| S|CS|TAMS 0x00000000c5400000, 0x00000000c5400000| Complete 
|  73|0x00000000c5500000, 0x00000000c5600000, 0x00000000c5600000|100%| S|CS|TAMS 0x00000000c5500000, 0x00000000c5500000| Complete 
|  74|0x00000000c5600000, 0x00000000c5700000, 0x00000000c5700000|100%| S|CS|TAMS 0x00000000c5600000, 0x00000000c5600000| Complete 
|  75|0x00000000c5700000, 0x00000000c5700000, 0x00000000c5800000|  0%| F|  |TAMS 0x00000000c5700000, 0x00000000c5700000| Untracked 
|  76|0x00000000c5800000, 0x00000000c5800000, 0x00000000c5900000|  0%| F|  |TAMS 0x00000000c5800000, 0x00000000c5800000| Untracked 
|  77|0x00000000c5900000, 0x00000000c5900000, 0x00000000c5a00000|  0%| F|  |TAMS 0x00000000c5900000, 0x00000000c5900000| Untracked 
|  78|0x00000000c5a00000, 0x00000000c5a00000, 0x00000000c5b00000|  0%| F|  |TAMS 0x00000000c5a00000, 0x00000000c5a00000| Untracked 
|  79|0x00000000c5b00000, 0x00000000c5b00000, 0x00000000c5c00000|  0%| F|  |TAMS 0x00000000c5b00000, 0x00000000c5b00000| Untracked 
|  80|0x00000000c5c00000, 0x00000000c5c00000, 0x00000000c5d00000|  0%| F|  |TAMS 0x00000000c5c00000, 0x00000000c5c00000| Untracked 
|  81|0x00000000c5d00000, 0x00000000c5d00000, 0x00000000c5e00000|  0%| F|  |TAMS 0x00000000c5d00000, 0x00000000c5d00000| Untracked 
|  82|0x00000000c5e00000, 0x00000000c5e00000, 0x00000000c5f00000|  0%| F|  |TAMS 0x00000000c5e00000, 0x00000000c5e00000| Untracked 
|  83|0x00000000c5f00000, 0x00000000c5f00000, 0x00000000c6000000|  0%| F|  |TAMS 0x00000000c5f00000, 0x00000000c5f00000| Untracked 
|  84|0x00000000c6000000, 0x00000000c6000000, 0x00000000c6100000|  0%| F|  |TAMS 0x00000000c6000000, 0x00000000c6000000| Untracked 
|  85|0x00000000c6100000, 0x00000000c6100000, 0x00000000c6200000|  0%| F|  |TAMS 0x00000000c6100000, 0x00000000c6100000| Untracked 
|  86|0x00000000c6200000, 0x00000000c6200000, 0x00000000c6300000|  0%| F|  |TAMS 0x00000000c6200000, 0x00000000c6200000| Untracked 
|  87|0x00000000c6300000, 0x00000000c6300000, 0x00000000c6400000|  0%| F|  |TAMS 0x00000000c6300000, 0x00000000c6300000| Untracked 
|  88|0x00000000c6400000, 0x00000000c6400000, 0x00000000c6500000|  0%| F|  |TAMS 0x00000000c6400000, 0x00000000c6400000| Untracked 
|  89|0x00000000c6500000, 0x00000000c6500000, 0x00000000c6600000|  0%| F|  |TAMS 0x00000000c6500000, 0x00000000c6500000| Untracked 
|  90|0x00000000c6600000, 0x00000000c6600000, 0x00000000c6700000|  0%| F|  |TAMS 0x00000000c6600000, 0x00000000c6600000| Untracked 
|  91|0x00000000c6700000, 0x00000000c67a6808, 0x00000000c6800000| 65%| E|  |TAMS 0x00000000c6700000, 0x00000000c6700000| Complete 
|  92|0x00000000c6800000, 0x00000000c6900000, 0x00000000c6900000|100%| E|CS|TAMS 0x00000000c6800000, 0x00000000c6800000| Complete 
|  93|0x00000000c6900000, 0x00000000c6a00000, 0x00000000c6a00000|100%| E|CS|TAMS 0x00000000c6900000, 0x00000000c6900000| Complete 
|  94|0x00000000c6a00000, 0x00000000c6b00000, 0x00000000c6b00000|100%| E|CS|TAMS 0x00000000c6a00000, 0x00000000c6a00000| Complete 
|  95|0x00000000c6b00000, 0x00000000c6c00000, 0x00000000c6c00000|100%| E|CS|TAMS 0x00000000c6b00000, 0x00000000c6b00000| Complete 
|  96|0x00000000c6c00000, 0x00000000c6d00000, 0x00000000c6d00000|100%| E|CS|TAMS 0x00000000c6c00000, 0x00000000c6c00000| Complete 
|  97|0x00000000c6d00000, 0x00000000c6e00000, 0x00000000c6e00000|100%| E|CS|TAMS 0x00000000c6d00000, 0x00000000c6d00000| Complete 
|  98|0x00000000c6e00000, 0x00000000c6f00000, 0x00000000c6f00000|100%| E|CS|TAMS 0x00000000c6e00000, 0x00000000c6e00000| Complete 
|  99|0x00000000c6f00000, 0x00000000c7000000, 0x00000000c7000000|100%| E|CS|TAMS 0x00000000c6f00000, 0x00000000c6f00000| Complete 
| 100|0x00000000c7000000, 0x00000000c7100000, 0x00000000c7100000|100%| E|CS|TAMS 0x00000000c7000000, 0x00000000c7000000| Complete 
| 101|0x00000000c7100000, 0x00000000c7200000, 0x00000000c7200000|100%| E|CS|TAMS 0x00000000c7100000, 0x00000000c7100000| Complete 
| 102|0x00000000c7200000, 0x00000000c7300000, 0x00000000c7300000|100%| E|CS|TAMS 0x00000000c7200000, 0x00000000c7200000| Complete 
| 103|0x00000000c7300000, 0x00000000c7400000, 0x00000000c7400000|100%| E|CS|TAMS 0x00000000c7300000, 0x00000000c7300000| Complete 
| 104|0x00000000c7400000, 0x00000000c7500000, 0x00000000c7500000|100%| E|CS|TAMS 0x00000000c7400000, 0x00000000c7400000| Complete 
| 105|0x00000000c7500000, 0x00000000c7600000, 0x00000000c7600000|100%| E|  |TAMS 0x00000000c7500000, 0x00000000c7500000| Complete 
| 106|0x00000000c7600000, 0x00000000c7700000, 0x00000000c7700000|100%| E|CS|TAMS 0x00000000c7600000, 0x00000000c7600000| Complete 
| 107|0x00000000c7700000, 0x00000000c7800000, 0x00000000c7800000|100%| E|CS|TAMS 0x00000000c7700000, 0x00000000c7700000| Complete 
| 108|0x00000000c7800000, 0x00000000c7900000, 0x00000000c7900000|100%| E|CS|TAMS 0x00000000c7800000, 0x00000000c7800000| Complete 
| 109|0x00000000c7900000, 0x00000000c7a00000, 0x00000000c7a00000|100%| E|CS|TAMS 0x00000000c7900000, 0x00000000c7900000| Complete 
| 110|0x00000000c7a00000, 0x00000000c7b00000, 0x00000000c7b00000|100%| E|CS|TAMS 0x00000000c7a00000, 0x00000000c7a00000| Complete 
| 111|0x00000000c7b00000, 0x00000000c7c00000, 0x00000000c7c00000|100%| E|CS|TAMS 0x00000000c7b00000, 0x00000000c7b00000| Complete 

Card table byte_map: [0x00000000158f0000,0x0000000015af0000] _byte_map_base: 0x00000000152ea000

Marking Bits (Prev, Next): (CMBitMap*) 0x0000000000494978, (CMBitMap*) 0x00000000004949b8
 Prev Bits: [0x0000000015cf0000, 0x0000000016cc0000)
 Next Bits: [0x0000000016cc0000, 0x0000000017c90000)

Polling page: 0x0000000000330000

Metaspace:

Usage:
  Non-class:     62.69 MB capacity,    61.69 MB ( 98%) used,   797.05 KB (  1%) free+waste,   219.81 KB ( <1%) overhead. 
      Class:      9.44 MB capacity,     8.81 MB ( 93%) used,   546.32 KB (  6%) free+waste,    99.00 KB (  1%) overhead. 
       Both:     72.13 MB capacity,    70.51 MB ( 98%) used,     1.31 MB (  2%) free+waste,   318.81 KB ( <1%) overhead. 

Virtual space:
  Non-class space:       64.00 MB reserved,      62.75 MB ( 98%) committed 
      Class space:        1.00 GB reserved,       9.50 MB ( <1%) committed 
             Both:        1.06 GB reserved,      72.25 MB (  7%) committed 

Chunk freelists:
   Non-Class:  64.00 KB
       Class:  25.00 KB
        Both:  89.00 KB

MaxMetaspaceSize: 17179869184.00 GB
CompressedClassSpaceSize: 1.00 GB

CodeHeap 'non-profiled nmethods': size=120064Kb used=3671Kb max_used=3671Kb free=116392Kb
 bounds [0x000000000dea0000, 0x000000000e240000, 0x00000000153e0000]
CodeHeap 'profiled nmethods': size=120000Kb used=14632Kb max_used=14632Kb free=105367Kb
 bounds [0x0000000006970000, 0x00000000077c0000, 0x000000000dea0000]
CodeHeap 'non-nmethods': size=5696Kb used=1324Kb max_used=1378Kb free=4371Kb
 bounds [0x00000000063e0000, 0x0000000006650000, 0x0000000006970000]
 total_blobs=7413 nmethods=6788 adapters=537
 compilation: enabled
              stopped_count=0, restarted_count=0
 full_count=0

Compilation events (20 events):
Event: 19.459 Thread 0x000000005afd1000 nmethod 7561 0x00000000077b5010 code [0x00000000077b5200, 0x00000000077b5728]
Event: 19.459 Thread 0x000000005afd1000 7562       3       java.lang.String::regionMatches (150 bytes)
Event: 19.460 Thread 0x000000005afd1000 nmethod 7562 0x00000000077b5990 code [0x00000000077b5be0, 0x00000000077b6408]
Event: 19.460 Thread 0x000000005afd1000 7560       3       java.util.ComparableTimSort::pushRun (31 bytes)
Event: 19.460 Thread 0x000000005afd1000 nmethod 7560 0x00000000077b6710 code [0x00000000077b68a0, 0x00000000077b69f8]
Event: 19.463 Thread 0x000000005af5b000 7563       4       java.nio.MappedByteBuffer::rewind (5 bytes)
Event: 19.463 Thread 0x000000005af5b000 nmethod 7563 0x000000000e230b90 code [0x000000000e230d00, 0x000000000e230d58]
Event: 19.470 Thread 0x000000005afd1000 7564       3       java.util.concurrent.ConcurrentLinkedQueue::offer (120 bytes)
Event: 19.472 Thread 0x000000005af5b000 7565       4       java.io.WinNTFileSystem::normalize (224 bytes)
Event: 19.472 Thread 0x000000005afd1000 nmethod 7564 0x00000000077b6b10 code [0x00000000077b6ee0, 0x00000000077b8958]
Event: 19.577 Thread 0x000000005af5b000 nmethod 7565 0x000000000e230e90 code [0x000000000e231420, 0x000000000e233e10]
Event: 19.577 Thread 0x000000005af5b000 7566       4       nonapi.io.github.classgraph.fileslice.reader.RandomAccessArrayReader::readByte (15 bytes)
Event: 19.578 Thread 0x000000005af5b000 nmethod 7566 0x000000000e235690 code [0x000000000e235820, 0x000000000e2358d8]
Event: 19.610 Thread 0x000000005af5b000 7567 %     4       io.github.classgraph.ClasspathElementZip::scanPaths @ 418 (738 bytes)
Event: 19.625 Thread 0x000000005afd1000 7571       1       nonapi.io.github.classgraph.fastzipfilereader.PhysicalZipFile::getFile (5 bytes)
Event: 19.626 Thread 0x000000005afd1000 nmethod 7571 0x000000000e235990 code [0x000000000e235b20, 0x000000000e235bd8]
Event: 19.632 Thread 0x000000005afd1000 7572       3       nonapi.io.github.classgraph.concurrency.InterruptionChecker::checkAndReturn (37 bytes)
Event: 19.632 Thread 0x000000005afd1000 nmethod 7572 0x00000000077b9290 code [0x00000000077b9480, 0x00000000077b9a08]
Event: 19.645 Thread 0x000000005afd1000 7574       3       java.lang.Long::valueOf (40 bytes)
Event: 19.645 Thread 0x000000005afd1000 nmethod 7574 0x00000000077b9c10 code [0x00000000077b9dc0, 0x00000000077ba0f8]

GC Heap History (20 events):
Event: 10.527 GC heap before
{Heap before GC invocations=20 (full 0):
 garbage-first heap   total 65536K, used 53177K [0x00000000c0c00000, 0x0000000100000000)
  region size 1024K, 36 young (36864K), 3 survivors (3072K)
 Metaspace       used 51192K, capacity 52375K, committed 52608K, reserved 1095680K
  class space    used 6314K, capacity 6752K, committed 6784K, reserved 1048576K
}
Event: 10.539 GC heap after
{Heap after GC invocations=21 (full 0):
 garbage-first heap   total 78848K, used 23214K [0x00000000c0c00000, 0x0000000100000000)
  region size 1024K, 5 young (5120K), 5 survivors (5120K)
 Metaspace       used 51192K, capacity 52375K, committed 52608K, reserved 1095680K
  class space    used 6314K, capacity 6752K, committed 6784K, reserved 1048576K
}
Event: 11.594 GC heap before
{Heap before GC invocations=21 (full 0):
 garbage-first heap   total 78848K, used 62126K [0x00000000c0c00000, 0x0000000100000000)
  region size 1024K, 44 young (45056K), 5 survivors (5120K)
 Metaspace       used 54775K, capacity 56015K, committed 56192K, reserved 1097728K
  class space    used 6780K, capacity 7250K, committed 7296K, reserved 1048576K
}
Event: 11.608 GC heap after
{Heap after GC invocations=22 (full 0):
 garbage-first heap   total 78848K, used 25531K [0x00000000c0c00000, 0x0000000100000000)
  region size 1024K, 5 young (5120K), 5 survivors (5120K)
 Metaspace       used 54775K, capacity 56015K, committed 56192K, reserved 1097728K
  class space    used 6780K, capacity 7250K, committed 7296K, reserved 1048576K
}
Event: 12.413 GC heap before
{Heap before GC invocations=22 (full 0):
 garbage-first heap   total 78848K, used 63419K [0x00000000c0c00000, 0x0000000100000000)
  region size 1024K, 42 young (43008K), 5 survivors (5120K)
 Metaspace       used 57920K, capacity 59170K, committed 59264K, reserved 1101824K
  class space    used 7308K, capacity 7807K, committed 7808K, reserved 1048576K
}
Event: 12.424 GC heap after
{Heap after GC invocations=23 (full 0):
 garbage-first heap   total 78848K, used 27797K [0x00000000c0c00000, 0x0000000100000000)
  region size 1024K, 5 young (5120K), 5 survivors (5120K)
 Metaspace       used 57920K, capacity 59170K, committed 59264K, reserved 1101824K
  class space    used 7308K, capacity 7807K, committed 7808K, reserved 1048576K
}
Event: 13.032 GC heap before
{Heap before GC invocations=23 (full 0):
 garbage-first heap   total 78848K, used 47253K [0x00000000c0c00000, 0x0000000100000000)
  region size 1024K, 25 young (25600K), 5 survivors (5120K)
 Metaspace       used 58951K, capacity 60181K, committed 60288K, reserved 1101824K
  class space    used 7380K, capacity 7883K, committed 7936K, reserved 1048576K
}
Event: 13.041 GC heap after
{Heap after GC invocations=24 (full 0):
 garbage-first heap   total 78848K, used 28422K [0x00000000c0c00000, 0x0000000100000000)
  region size 1024K, 3 young (3072K), 3 survivors (3072K)
 Metaspace       used 58951K, capacity 60181K, committed 60288K, reserved 1101824K
  class space    used 7380K, capacity 7883K, committed 7936K, reserved 1048576K
}
Event: 15.369 GC heap before
{Heap before GC invocations=25 (full 0):
 garbage-first heap   total 78848K, used 64262K [0x00000000c0c00000, 0x0000000100000000)
  region size 1024K, 38 young (38912K), 3 survivors (3072K)
 Metaspace       used 62174K, capacity 63387K, committed 63616K, reserved 1103872K
  class space    used 7800K, capacity 8292K, committed 8320K, reserved 1048576K
}
Event: 15.378 GC heap after
{Heap after GC invocations=26 (full 0):
 garbage-first heap   total 95232K, used 29740K [0x00000000c0c00000, 0x0000000100000000)
  region size 1024K, 4 young (4096K), 4 survivors (4096K)
 Metaspace       used 62174K, capacity 63387K, committed 63616K, reserved 1103872K
  class space    used 7800K, capacity 8292K, committed 8320K, reserved 1048576K
}
Event: 16.626 GC heap before
{Heap before GC invocations=26 (full 0):
 garbage-first heap   total 95232K, used 75820K [0x00000000c0c00000, 0x0000000100000000)
  region size 1024K, 49 young (50176K), 4 survivors (4096K)
 Metaspace       used 66923K, capacity 68451K, committed 68736K, reserved 1110016K
  class space    used 8396K, capacity 8976K, committed 9088K, reserved 1048576K
}
Event: 16.641 GC heap after
{Heap after GC invocations=27 (full 0):
 garbage-first heap   total 95232K, used 32025K [0x00000000c0c00000, 0x0000000100000000)
  region size 1024K, 5 young (5120K), 5 survivors (5120K)
 Metaspace       used 66923K, capacity 68451K, committed 68736K, reserved 1110016K
  class space    used 8396K, capacity 8976K, committed 9088K, reserved 1048576K
}
Event: 17.781 GC heap before
{Heap before GC invocations=27 (full 0):
 garbage-first heap   total 95232K, used 76057K [0x00000000c0c00000, 0x0000000100000000)
  region size 1024K, 48 young (49152K), 5 survivors (5120K)
 Metaspace       used 69978K, capacity 71564K, committed 71680K, reserved 1112064K
  class space    used 8769K, capacity 9394K, committed 9472K, reserved 1048576K
}
Event: 17.801 GC heap after
{Heap after GC invocations=28 (full 0):
 garbage-first heap   total 95232K, used 35367K [0x00000000c0c00000, 0x0000000100000000)
  region size 1024K, 6 young (6144K), 6 survivors (6144K)
 Metaspace       used 69978K, capacity 71564K, committed 71680K, reserved 1112064K
  class space    used 8769K, capacity 9394K, committed 9472K, reserved 1048576K
}
Event: 18.662 GC heap before
{Heap before GC invocations=28 (full 0):
 garbage-first heap   total 95232K, used 78375K [0x00000000c0c00000, 0x0000000100000000)
  region size 1024K, 46 young (47104K), 6 survivors (6144K)
 Metaspace       used 72047K, capacity 73759K, committed 73984K, reserved 1114112K
  class space    used 9018K, capacity 9674K, committed 9728K, reserved 1048576K
}
Event: 18.688 GC heap after
{Heap after GC invocations=29 (full 0):
 garbage-first heap   total 95232K, used 42558K [0x00000000c0c00000, 0x0000000100000000)
  region size 1024K, 6 young (6144K), 6 survivors (6144K)
 Metaspace       used 72047K, capacity 73759K, committed 73984K, reserved 1114112K
  class space    used 9018K, capacity 9674K, committed 9728K, reserved 1048576K
}
Event: 19.048 GC heap before
{Heap before GC invocations=29 (full 0):
 garbage-first heap   total 95232K, used 74302K [0x00000000c0c00000, 0x0000000100000000)
  region size 1024K, 37 young (37888K), 6 survivors (6144K)
 Metaspace       used 72170K, capacity 73893K, committed 73984K, reserved 1114112K
  class space    used 9028K, capacity 9676K, committed 9728K, reserved 1048576K
}
Event: 19.098 GC heap after
{Heap after GC invocations=30 (full 0):
 garbage-first heap   total 95232K, used 51944K [0x00000000c0c00000, 0x0000000100000000)
  region size 1024K, 5 young (5120K), 5 survivors (5120K)
 Metaspace       used 72170K, capacity 73893K, committed 73984K, reserved 1114112K
  class space    used 9028K, capacity 9676K, committed 9728K, reserved 1048576K
}
Event: 19.333 GC heap before
{Heap before GC invocations=30 (full 0):
 garbage-first heap   total 95232K, used 68328K [0x00000000c0c00000, 0x0000000100000000)
  region size 1024K, 23 young (23552K), 5 survivors (5120K)
 Metaspace       used 72209K, capacity 73893K, committed 73984K, reserved 1114112K
  class space    used 9028K, capacity 9676K, committed 9728K, reserved 1048576K
}
Event: 19.354 GC heap after
{Heap after GC invocations=31 (full 0):
 garbage-first heap   total 114688K, used 55576K [0x00000000c0c00000, 0x0000000100000000)
  region size 1024K, 4 young (4096K), 4 survivors (4096K)
 Metaspace       used 72209K, capacity 73893K, committed 73984K, reserved 1114112K
  class space    used 9028K, capacity 9676K, committed 9728K, reserved 1048576K
}

Deoptimization events (20 events):
Event: 19.630 Thread 0x0000000061480800 DEOPT PACKING pc=0x00000000077113fa sp=0x0000000065d3ee50
Event: 19.630 Thread 0x0000000061480800 DEOPT UNPACKING pc=0x000000000642993f sp=0x0000000065d3e4a8 mode 0
Event: 19.632 Thread 0x0000000061480800 DEOPT PACKING pc=0x00000000077113fa sp=0x0000000065d3ee50
Event: 19.632 Thread 0x0000000061480800 DEOPT UNPACKING pc=0x000000000642993f sp=0x0000000065d3e4a8 mode 0
Event: 19.634 Thread 0x0000000061480800 DEOPT PACKING pc=0x0000000007711711 sp=0x0000000065d3ee50
Event: 19.634 Thread 0x0000000061480800 DEOPT UNPACKING pc=0x000000000642993f sp=0x0000000065d3e4a8 mode 0
Event: 19.636 Thread 0x0000000061480800 DEOPT PACKING pc=0x00000000077113fa sp=0x0000000065d3ee50
Event: 19.636 Thread 0x0000000061480800 DEOPT UNPACKING pc=0x000000000642993f sp=0x0000000065d3e4a8 mode 0
Event: 19.638 Thread 0x0000000061480800 DEOPT PACKING pc=0x000000000770707b sp=0x0000000065d3ed70
Event: 19.638 Thread 0x0000000061480800 DEOPT UNPACKING pc=0x000000000642993f sp=0x0000000065d3e4a8 mode 0
Event: 19.640 Thread 0x0000000061480800 DEOPT PACKING pc=0x000000000771e5e1 sp=0x0000000065d3ee00
Event: 19.640 Thread 0x0000000061480800 DEOPT UNPACKING pc=0x000000000642993f sp=0x0000000065d3e4a8 mode 0
Event: 19.641 Thread 0x0000000061480800 DEOPT PACKING pc=0x00000000077113fa sp=0x0000000065d3ee50
Event: 19.641 Thread 0x0000000061480800 DEOPT UNPACKING pc=0x000000000642993f sp=0x0000000065d3e4a8 mode 0
Event: 19.643 Thread 0x0000000061480800 DEOPT PACKING pc=0x000000000770739c sp=0x0000000065d3ed70
Event: 19.643 Thread 0x0000000061480800 DEOPT UNPACKING pc=0x000000000642993f sp=0x0000000065d3e4a8 mode 0
Event: 19.644 Thread 0x0000000061480800 DEOPT PACKING pc=0x00000000077113fa sp=0x0000000065d3ee50
Event: 19.644 Thread 0x0000000061480800 DEOPT UNPACKING pc=0x000000000642993f sp=0x0000000065d3e4a8 mode 0
Event: 19.647 Thread 0x0000000061480800 DEOPT PACKING pc=0x00000000077113fa sp=0x0000000065d3ee50
Event: 19.647 Thread 0x0000000061480800 DEOPT UNPACKING pc=0x000000000642993f sp=0x0000000065d3e4a8 mode 0

Classes unloaded (5 events):
Event: 19.522 Thread 0x000000005af1b800 Unloading class 0x000000001af10040 'jdk/internal/reflect/GeneratedSerializationConstructorAccessor5'
Event: 19.522 Thread 0x000000005af1b800 Unloading class 0x000000001af07840 'jdk/internal/reflect/GeneratedSerializationConstructorAccessor4'
Event: 19.522 Thread 0x000000005af1b800 Unloading class 0x000000001af06040 'jdk/internal/reflect/GeneratedSerializationConstructorAccessor3'
Event: 19.522 Thread 0x000000005af1b800 Unloading class 0x000000001af03c40 'jdk/internal/reflect/GeneratedSerializationConstructorAccessor2'
Event: 19.522 Thread 0x000000005af1b800 Unloading class 0x000000001aee7840 'jdk/internal/reflect/GeneratedSerializationConstructorAccessor1'

Classes redefined (0 events):
No events

Internal exceptions (20 events):
Event: 17.133 Thread 0x000000005d42b000 Exception <a 'java/lang/reflect/InvocationTargetException'{0x00000000c59be0d0}> (0x00000000c59be0d0) 
thrown [./open/src/hotspot/share/runtime/reflection.cpp, line 1188]
Event: 17.168 Thread 0x000000005d42b000 Exception <a 'java/lang/ClassNotFoundException'{0x00000000c584e640}: java/lang/ObjectCustomizer> (0x00000000c584e640) 
thrown [./open/src/hotspot/share/classfile/systemDictionary.cpp, line 226]
Event: 17.169 Thread 0x000000005d42b000 Exception <a 'java/lang/ClassNotFoundException'{0x00000000c5866440}: com/shopme/common/entity/UserCustomizer> (0x00000000c5866440) 
thrown [./open/src/hotspot/share/classfile/systemDictionary.cpp, line 226]
Event: 17.182 Thread 0x000000005d42b000 Exception <a 'java/lang/ClassNotFoundException'{0x00000000c58b8558}: java/lang/ObjectCustomizer> (0x00000000c58b8558) 
thrown [./open/src/hotspot/share/classfile/systemDictionary.cpp, line 226]
Event: 17.183 Thread 0x000000005d42b000 Exception <a 'java/lang/ClassNotFoundException'{0x00000000c58d0358}: com/shopme/common/entity/RoleCustomizer> (0x00000000c58d0358) 
thrown [./open/src/hotspot/share/classfile/systemDictionary.cpp, line 226]
Event: 17.207 Thread 0x000000005d42b000 Exception <a 'java/lang/reflect/InvocationTargetException'{0x00000000c56220e8}> (0x00000000c56220e8) 
thrown [./open/src/hotspot/share/runtime/reflection.cpp, line 1188]
Event: 17.277 Thread 0x000000005d42b000 Exception <a 'java/lang/ClassNotFoundException'{0x00000000c54ceca8}: java/lang/ObjectCustomizer> (0x00000000c54ceca8) 
thrown [./open/src/hotspot/share/classfile/systemDictionary.cpp, line 226]
Event: 17.278 Thread 0x000000005d42b000 Exception <a 'java/lang/ClassNotFoundException'{0x00000000c54ee1b8}: org/springframework/security/config/annotation/web/configuration/WebSecurityConfigurationCustomizer> (0x00000000c54ee1b8) 
thrown [./open/src/hotspot/share/classfile/systemDictionary.cpp, line 226]
Event: 17.280 Thread 0x000000005d42b000 Exception <a 'java/lang/ClassNotFoundException'{0x00000000c530ea50}: org/springframework/context/annotation/ImportAwareCustomizer> (0x00000000c530ea50) 
thrown [./open/src/hotspot/share/classfile/systemDictionary.cpp, line 226]
Event: 17.280 Thread 0x000000005d42b000 Exception <a 'java/lang/ClassNotFoundException'{0x00000000c5322fe8}: org/springframework/beans/factory/AwareCustomizer> (0x00000000c5322fe8) 
thrown [./open/src/hotspot/share/classfile/systemDictionary.cpp, line 226]
Event: 17.281 Thread 0x000000005d42b000 Exception <a 'java/lang/ClassNotFoundException'{0x00000000c5338fe0}: org/springframework/beans/factory/BeanClassLoaderAwareCustomizer> (0x00000000c5338fe0) 
thrown [./open/src/hotspot/share/classfile/systemDictionary.cpp, line 226]
Event: 17.282 Thread 0x000000005d42b000 Exception <a 'java/lang/ClassNotFoundException'{0x00000000c534d588}: org/springframework/beans/factory/AwareCustomizer> (0x00000000c534d588) 
thrown [./open/src/hotspot/share/classfile/systemDictionary.cpp, line 226]
Event: 17.368 Thread 0x000000005d42b000 Implicit null exception at 0x000000000dfb07dd to 0x000000000dfb08b2
Event: 17.463 Thread 0x000000005d42b000 Implicit null exception at 0x000000000e185984 to 0x000000000e185e74
Event: 17.537 Thread 0x000000005d42b000 Exception <a 'java/lang/ClassNotFoundException'{0x00000000c466cc68}: java/lang/ObjectCustomizer> (0x00000000c466cc68) 
thrown [./open/src/hotspot/share/classfile/systemDictionary.cpp, line 226]
Event: 17.538 Thread 0x000000005d42b000 Exception <a 'java/lang/ClassNotFoundException'{0x00000000c468c488}: org/springframework/security/config/annotation/web/configuration/HttpSecurityConfigurationCustomizer> (0x00000000c468c488) 
thrown [./open/src/hotspot/share/classfile/systemDictionary.cpp, line 226]
Event: 17.816 Thread 0x000000005d42b000 Exception <a 'java/lang/NoSuchMethodError'{0x00000000c689f768}: 'void java.lang.invoke.DirectMethodHandle$Holder.invokeVirtual(java.lang.Object, java.lang.Object, int)'> (0x00000000c689f768) 
thrown [./open/src/hotspot/share/interpreter/linkResolver.cpp, line 766]
Event: 17.820 Thread 0x000000005d42b000 Exception <a 'java/lang/NoSuchMethodError'{0x00000000c68b8300}: 'void java.lang.invoke.DirectMethodHandle$Holder.invokeVirtual(java.lang.Object, java.lang.Object, long)'> (0x00000000c68b8300) 
thrown [./open/src/hotspot/share/interpreter/linkResolver.cpp, line 766]
Event: 18.168 Thread 0x000000005d42b000 Exception <a 'java/lang/IncompatibleClassChangeError'{0x00000000c5fc7450}: Found class java.lang.Object, but interface was expected> (0x00000000c5fc7450) 
thrown [./open/src/hotspot/share/interpreter/linkResolver.cpp, line 832]
Event: 18.965 Thread 0x000000006147e800 Implicit null exception at 0x000000000e04b48f to 0x000000000e04b550

Events (20 events):
Event: 18.989 Executing VM operation: HandshakeOneThread done
Event: 18.989 Executing VM operation: HandshakeOneThread
Event: 18.989 Executing VM operation: HandshakeOneThread done
Event: 18.989 Executing VM operation: BulkRevokeBias
Event: 18.989 Executing VM operation: BulkRevokeBias done
Event: 18.990 Executing VM operation: BulkRevokeBias
Event: 18.990 Executing VM operation: BulkRevokeBias done
Event: 19.006 Thread 0x000000006147e800 Thread added: 0x000000006147e800
Event: 19.010 Executing VM operation: HandshakeOneThread
Event: 19.010 Executing VM operation: HandshakeOneThread done
Event: 19.010 Thread 0x0000000061481800 Thread added: 0x0000000061481800
Event: 19.048 Executing VM operation: G1CollectForAllocation
Event: 19.048 Thread 0x000000006147f000 Thread added: 0x000000006147f000
Event: 19.103 Executing VM operation: G1CollectForAllocation done
Event: 19.103 Thread 0x0000000061480800 Thread added: 0x0000000061480800
Event: 19.333 Executing VM operation: G1TryInitiateConcMark
Event: 19.421 Executing VM operation: G1TryInitiateConcMark done
Event: 19.518 Executing VM operation: G1Concurrent
Event: 19.579 Executing VM operation: G1Concurrent done
Event: 19.649 Executing VM operation: G1Concurrent


Dynamic libraries:
0x000000013fd20000 - 0x000000013fd2d000 	C:\Users\BERO\Downloads\sts-4.8.0.RELEASE\plugins\org.eclipse.justj.openjdk.hotspot.jre.full.win32.x86_64_14.0.2.v20200815-0932\jre\bin\javaw.exe
0x0000000077c10000 - 0x0000000077db9000 	C:\Windows\SYSTEM32\ntdll.dll
0x00000000779f0000 - 0x0000000077b0f000 	C:\Windows\system32\kernel32.dll
0x000007fefdc10000 - 0x000007fefdc7b000 	C:\Windows\system32\KERNELBASE.dll
0x000007fef3310000 - 0x000007fef3328000 	C:\Users\BERO\Downloads\sts-4.8.0.RELEASE\plugins\org.eclipse.justj.openjdk.hotspot.jre.full.win32.x86_64_14.0.2.v20200815-0932\jre\bin\jli.dll
0x000007fefc550000 - 0x000007fefc744000 	C:\Windows\WinSxS\amd64_microsoft.windows.common-controls_6595b64144ccf1df_6.0.7601.17514_none_fa396087175ac9ac\COMCTL32.dll
0x000007fefeb60000 - 0x000007fefebff000 	C:\Windows\system32\msvcrt.dll
0x000007fefec00000 - 0x000007fefec67000 	C:\Windows\system32\GDI32.dll
0x0000000077b10000 - 0x0000000077c0a000 	C:\Windows\system32\USER32.dll
0x000007fefe150000 - 0x000007fefe15e000 	C:\Windows\system32\LPK.dll
0x000007fefe360000 - 0x000007fefe429000 	C:\Windows\system32\USP10.dll
0x000007feffbf0000 - 0x000007feffc61000 	C:\Windows\system32\SHLWAPI.dll
0x000007fee42c0000 - 0x000007fee42d5000 	C:\Users\BERO\Downloads\sts-4.8.0.RELEASE\plugins\org.eclipse.justj.openjdk.hotspot.jre.full.win32.x86_64_14.0.2.v20200815-0932\jre\bin\VCRUNTIME140.dll
0x000007fef6690000 - 0x000007fef6694000 	C:\Users\BERO\Downloads\sts-4.8.0.RELEASE\plugins\org.eclipse.justj.openjdk.hotspot.jre.full.win32.x86_64_14.0.2.v20200815-0932\jre\bin\api-ms-win-crt-runtime-l1-1-0.dll
0x000007fee41c0000 - 0x000007fee42bc000 	C:\Users\BERO\Downloads\sts-4.8.0.RELEASE\plugins\org.eclipse.justj.openjdk.hotspot.jre.full.win32.x86_64_14.0.2.v20200815-0932\jre\bin\ucrtbase.DLL
0x000007fef66b0000 - 0x000007fef66b3000 	C:\Users\BERO\Downloads\sts-4.8.0.RELEASE\plugins\org.eclipse.justj.openjdk.hotspot.jre.full.win32.x86_64_14.0.2.v20200815-0932\jre\bin\api-ms-win-core-localization-l1-2-0.dll
0x000007fef3e50000 - 0x000007fef3e53000 	C:\Users\BERO\Downloads\sts-4.8.0.RELEASE\plugins\org.eclipse.justj.openjdk.hotspot.jre.full.win32.x86_64_14.0.2.v20200815-0932\jre\bin\api-ms-win-core-processthreads-l1-1-1.dll
0x000007fef4ba0000 - 0x000007fef4ba3000 	C:\Users\BERO\Downloads\sts-4.8.0.RELEASE\plugins\org.eclipse.justj.openjdk.hotspot.jre.full.win32.x86_64_14.0.2.v20200815-0932\jre\bin\api-ms-win-core-file-l1-2-0.dll
0x000007fef05f0000 - 0x000007fef05f3000 	C:\Users\BERO\Downloads\sts-4.8.0.RELEASE\plugins\org.eclipse.justj.openjdk.hotspot.jre.full.win32.x86_64_14.0.2.v20200815-0932\jre\bin\api-ms-win-core-timezone-l1-1-0.dll
0x000007fef1080000 - 0x000007fef1083000 	C:\Users\BERO\Downloads\sts-4.8.0.RELEASE\plugins\org.eclipse.justj.openjdk.hotspot.jre.full.win32.x86_64_14.0.2.v20200815-0932\jre\bin\api-ms-win-core-file-l2-1-0.dll
0x000007fee42f0000 - 0x000007fee42f3000 	C:\Users\BERO\Downloads\sts-4.8.0.RELEASE\plugins\org.eclipse.justj.openjdk.hotspot.jre.full.win32.x86_64_14.0.2.v20200815-0932\jre\bin\api-ms-win-core-synch-l1-2-0.dll
0x000007fee42e0000 - 0x000007fee42e3000 	C:\Users\BERO\Downloads\sts-4.8.0.RELEASE\plugins\org.eclipse.justj.openjdk.hotspot.jre.full.win32.x86_64_14.0.2.v20200815-0932\jre\bin\api-ms-win-crt-heap-l1-1-0.dll
0x000007fee41a0000 - 0x000007fee41a4000 	C:\Users\BERO\Downloads\sts-4.8.0.RELEASE\plugins\org.eclipse.justj.openjdk.hotspot.jre.full.win32.x86_64_14.0.2.v20200815-0932\jre\bin\api-ms-win-crt-string-l1-1-0.dll
0x000007fee41b0000 - 0x000007fee41b4000 	C:\Users\BERO\Downloads\sts-4.8.0.RELEASE\plugins\org.eclipse.justj.openjdk.hotspot.jre.full.win32.x86_64_14.0.2.v20200815-0932\jre\bin\api-ms-win-crt-stdio-l1-1-0.dll
0x000007fee4180000 - 0x000007fee4184000 	C:\Users\BERO\Downloads\sts-4.8.0.RELEASE\plugins\org.eclipse.justj.openjdk.hotspot.jre.full.win32.x86_64_14.0.2.v20200815-0932\jre\bin\api-ms-win-crt-convert-l1-1-0.dll
0x000007fee4190000 - 0x000007fee4193000 	C:\Users\BERO\Downloads\sts-4.8.0.RELEASE\plugins\org.eclipse.justj.openjdk.hotspot.jre.full.win32.x86_64_14.0.2.v20200815-0932\jre\bin\api-ms-win-crt-environment-l1-1-0.dll
0x000007fee4160000 - 0x000007fee4163000 	C:\Users\BERO\Downloads\sts-4.8.0.RELEASE\plugins\org.eclipse.justj.openjdk.hotspot.jre.full.win32.x86_64_14.0.2.v20200815-0932\jre\bin\api-ms-win-crt-filesystem-l1-1-0.dll
0x000007fee4170000 - 0x000007fee4175000 	C:\Users\BERO\Downloads\sts-4.8.0.RELEASE\plugins\org.eclipse.justj.openjdk.hotspot.jre.full.win32.x86_64_14.0.2.v20200815-0932\jre\bin\api-ms-win-crt-math-l1-1-0.dll
0x000007fee3640000 - 0x000007fee3643000 	C:\Users\BERO\Downloads\sts-4.8.0.RELEASE\plugins\org.eclipse.justj.openjdk.hotspot.jre.full.win32.x86_64_14.0.2.v20200815-0932\jre\bin\api-ms-win-crt-locale-l1-1-0.dll
0x000007fefead0000 - 0x000007fefeafe000 	C:\Windows\system32\IMM32.DLL
0x000007fefe4d0000 - 0x000007fefe5d9000 	C:\Windows\system32\MSCTF.dll
0x000007fee29e0000 - 0x000007fee2a7b000 	C:\Users\BERO\Downloads\sts-4.8.0.RELEASE\plugins\org.eclipse.justj.openjdk.hotspot.jre.full.win32.x86_64_14.0.2.v20200815-0932\jre\bin\msvcp140.dll
0x000007fee3650000 - 0x000007fee3653000 	C:\Users\BERO\Downloads\sts-4.8.0.RELEASE\plugins\org.eclipse.justj.openjdk.hotspot.jre.full.win32.x86_64_14.0.2.v20200815-0932\jre\bin\api-ms-win-crt-time-l1-1-0.dll
0x000007fee2b10000 - 0x000007fee2b13000 	C:\Users\BERO\Downloads\sts-4.8.0.RELEASE\plugins\org.eclipse.justj.openjdk.hotspot.jre.full.win32.x86_64_14.0.2.v20200815-0932\jre\bin\api-ms-win-crt-utility-l1-1-0.dll
0x000007fee2b20000 - 0x000007fee363e000 	C:\Users\BERO\Downloads\sts-4.8.0.RELEASE\plugins\org.eclipse.justj.openjdk.hotspot.jre.full.win32.x86_64_14.0.2.v20200815-0932\jre\bin\server\jvm.dll
0x000007feffdf0000 - 0x000007feffecb000 	C:\Windows\system32\ADVAPI32.dll
0x000007fefe160000 - 0x000007fefe17f000 	C:\Windows\SYSTEM32\sechost.dll
0x000007fefe020000 - 0x000007fefe14d000 	C:\Windows\system32\RPCRT4.dll
0x000007fefa570000 - 0x000007fefa579000 	C:\Windows\system32\WSOCK32.dll
0x000007feffed0000 - 0x000007fefff1d000 	C:\Windows\system32\WS2_32.dll
0x000007fefe010000 - 0x000007fefe018000 	C:\Windows\system32\NSI.dll
0x000007fef9940000 - 0x000007fef997b000 	C:\Windows\system32\WINMM.dll
0x000007fefccc0000 - 0x000007fefcccc000 	C:\Windows\system32\VERSION.dll
0x0000000077de0000 - 0x0000000077de7000 	C:\Windows\system32\PSAPI.DLL
0x000007fef3330000 - 0x000007fef333a000 	C:\Users\BERO\Downloads\sts-4.8.0.RELEASE\plugins\org.eclipse.justj.openjdk.hotspot.jre.full.win32.x86_64_14.0.2.v20200815-0932\jre\bin\jimage.dll
0x000007fef9b10000 - 0x000007fef9c35000 	C:\Windows\system32\DBGHELP.DLL
0x000007fef0600000 - 0x000007fef0625000 	C:\Users\BERO\Downloads\sts-4.8.0.RELEASE\plugins\org.eclipse.justj.openjdk.hotspot.jre.full.win32.x86_64_14.0.2.v20200815-0932\jre\bin\java.dll
0x000007fef2f60000 - 0x000007fef2f76000 	C:\Users\BERO\Downloads\sts-4.8.0.RELEASE\plugins\org.eclipse.justj.openjdk.hotspot.jre.full.win32.x86_64_14.0.2.v20200815-0932\jre\bin\zip.dll
0x000007fefee60000 - 0x000007feffbe8000 	C:\Windows\system32\SHELL32.dll
0x000007fefe8c0000 - 0x000007fefeac3000 	C:\Windows\system32\ole32.dll
0x000007fefdb60000 - 0x000007fefdb6f000 	C:\Windows\system32\profapi.dll
0x000007fef25d0000 - 0x000007fef25e9000 	C:\Users\BERO\Downloads\sts-4.8.0.RELEASE\plugins\org.eclipse.justj.openjdk.hotspot.jre.full.win32.x86_64_14.0.2.v20200815-0932\jre\bin\net.dll
0x000007fef9660000 - 0x000007fef96d1000 	C:\Windows\system32\WINHTTP.dll
0x000007fef8e00000 - 0x000007fef8e64000 	C:\Windows\system32\webio.dll
0x000007fefd390000 - 0x000007fefd3e5000 	C:\Windows\system32\mswsock.dll
0x000007fefd380000 - 0x000007fefd387000 	C:\Windows\System32\wship6.dll
0x000007fef0bd0000 - 0x000007fef0be2000 	C:\Users\BERO\Downloads\sts-4.8.0.RELEASE\plugins\org.eclipse.justj.openjdk.hotspot.jre.full.win32.x86_64_14.0.2.v20200815-0932\jre\bin\nio.dll
0x000007fef0950000 - 0x000007fef0960000 	C:\Users\BERO\Downloads\sts-4.8.0.RELEASE\plugins\org.eclipse.justj.openjdk.hotspot.jre.full.win32.x86_64_14.0.2.v20200815-0932\jre\bin\verify.dll
0x000007fee44f0000 - 0x000007fee44f9000 	C:\Users\BERO\Downloads\sts-4.8.0.RELEASE\plugins\org.eclipse.justj.openjdk.hotspot.jre.full.win32.x86_64_14.0.2.v20200815-0932\jre\bin\management.dll
0x000007fee44c0000 - 0x000007fee44cb000 	C:\Users\BERO\Downloads\sts-4.8.0.RELEASE\plugins\org.eclipse.justj.openjdk.hotspot.jre.full.win32.x86_64_14.0.2.v20200815-0932\jre\bin\management_ext.dll
0x000007fefc050000 - 0x000007fefc065000 	C:\Windows\system32\NLAapi.dll
0x000007fef8f00000 - 0x000007fef8f15000 	C:\Windows\system32\napinsp.dll
0x000007fef8ee0000 - 0x000007fef8ef9000 	C:\Windows\system32\pnrpnsp.dll
0x000007fefd210000 - 0x000007fefd26b000 	C:\Windows\system32\DNSAPI.dll
0x000007fef8ed0000 - 0x000007fef8edb000 	C:\Windows\System32\winrnr.dll
0x000007fefcd90000 - 0x000007fefcd97000 	C:\Windows\System32\wshtcpip.dll
0x000007fefb970000 - 0x000007fefb997000 	C:\Windows\system32\IPHLPAPI.DLL
0x000007fefb950000 - 0x000007fefb95b000 	C:\Windows\system32\WINNSI.DLL
0x000007fefa230000 - 0x000007fefa238000 	C:\Windows\system32\rasadhlp.dll
0x000007fefb7a0000 - 0x000007fefb7f3000 	C:\Windows\System32\fwpuclnt.dll
0x000007fefd3f0000 - 0x000007fefd407000 	C:\Windows\system32\CRYPTSP.dll
0x000007fefd0f0000 - 0x000007fefd137000 	C:\Windows\system32\rsaenh.dll
0x000007fefcea0000 - 0x000007fefcebe000 	C:\Windows\system32\USERENV.dll
0x000007fefda90000 - 0x000007fefda9f000 	C:\Windows\system32\CRYPTBASE.dll
0x000007fefb770000 - 0x000007fefb788000 	C:\Windows\system32\dhcpcsvc.DLL
0x000007fefb4b0000 - 0x000007fefb4c1000 	C:\Windows\system32\dhcpcsvc6.DLL
0x000007fef1090000 - 0x000007fef109e000 	C:\Users\BERO\Downloads\sts-4.8.0.RELEASE\plugins\org.eclipse.justj.openjdk.hotspot.jre.full.win32.x86_64_14.0.2.v20200815-0932\jre\bin\sunmscapi.dll
0x000007fefdd20000 - 0x000007fefde87000 	C:\Windows\system32\CRYPT32.dll
0x000007fefdc00000 - 0x000007fefdc0f000 	C:\Windows\system32\MSASN1.dll
0x000007fefd570000 - 0x000007fefd5be000 	C:\Windows\system32\ncrypt.dll
0x000007fefd540000 - 0x000007fefd562000 	C:\Windows\system32\bcrypt.dll
0x000007fee4360000 - 0x000007fee4385000 	C:\Users\BERO\Downloads\sts-4.8.0.RELEASE\plugins\org.eclipse.justj.openjdk.hotspot.jre.full.win32.x86_64_14.0.2.v20200815-0932\jre\bin\sunec.dll

dbghelp: loaded successfully - version: 4.0.5 - missing functions: none
symbol engine: initialized successfully - sym options: 0x614 - pdb path: .;C:\Users\BERO\Downloads\sts-4.8.0.RELEASE\plugins\org.eclipse.justj.openjdk.hotspot.jre.full.win32.x86_64_14.0.2.v20200815-0932\jre\bin;C:\Windows\SYSTEM32;C:\Windows\WinSxS\amd64_microsoft.windows.common-controls_6595b64144ccf1df_6.0.7601.17514_none_fa396087175ac9ac;C:\Users\BERO\Downloads\sts-4.8.0.RELEASE\plugins\org.eclipse.justj.openjdk.hotspot.jre.full.win32.x86_64_14.0.2.v20200815-0932\jre\bin\server

VM Arguments:
jvm_args: -Dfile.encoding=UTF-8 -XX:+ShowCodeDetailsInExceptionMessages 
java_command: com.shopme.admin.ShopmeBackEndApplication
java_class_path (initial): C:\Users\BERO\Documents\workspace-spring-tool-suite-4-4.8.0.RELEASE\ShopmeProject\ShopmeWEBparent\ShopmeBackEnd\target\classes;C:\Users\BERO\.m2\repository\org\apache\poi\poi-ooxml\4.1.0\poi-ooxml-4.1.0.jar;C:\Users\BERO\.m2\repository\org\apache\poi\poi\4.1.0\poi-4.1.0.jar;C:\Users\BERO\.m2\repository\commons-codec\commons-codec\1.15\commons-codec-1.15.jar;C:\Users\BERO\.m2\repository\org\apache\commons\commons-collections4\4.3\commons-collections4-4.3.jar;C:\Users\BERO\.m2\repository\org\apache\commons\commons-math3\3.6.1\commons-math3-3.6.1.jar;C:\Users\BERO\.m2\repository\org\apache\poi\poi-ooxml-schemas\4.1.0\poi-ooxml-schemas-4.1.0.jar;C:\Users\BERO\.m2\repository\org\apache\xmlbeans\xmlbeans\3.1.0\xmlbeans-3.1.0.jar;C:\Users\BERO\.m2\repository\org\apache\commons\commons-compress\1.18\commons-compress-1.18.jar;C:\Users\BERO\.m2\repository\com\github\virtuald\curvesapi\1.06\curvesapi-1.06.jar;C:\Users\BERO\.m2\repository\net\sf\supercsv\super-csv\2.4.0\super-csv-2.4.0.jar;C:\Users\BERO\.m2\repository\org\springframework\boot\spring-boot-devtools\2.4.2\spring-boot-devtools-2.4.2.jar;C:\Users\BERO\.m2\repository\org\springframework\boot\spring-boot\2.4.2\spring-boot-2.4.2.jar;C:\Users\BERO\.m2\repository\org\springframework\spring-context\5.3.3\spring-context-5.3.3.jar;C:\Users\BERO\.m2\repository\org\springframework\boot\spring-boot-autoconfigure\2.4.2\spring-boot-autoconfigure-2.4.2.jar;C:\Users\BERO\.m2\repository\com\github\librepdf\openpdf\1.3.8\openpdf-1.3.8.jar;C:\Users\BERO\.m2\repository\com\github\albfernandez\juniversalchardet\2.3.0\juniversalchardet-2.3.0.jar;C:\Users\BERO\.m2\repository\org\webjars\bootstrap\4.3.1\bootstrap-4.3.1.jar;C:\Users\BERO\.m2\repository\org\webjars\popper.js\1.14.3\popper.js-1.14.3.jar;C:\Users\BERO\.m2\repository\org\webjars\jquery\3.4.1\jquery-3.4.1.jar;C:\Users\BERO\.m2\repository\org\webjars\webjars-locator-core\0.46\webjars-locator-core-0.46.jar;C:\Users\BERO\.m2\repository\org\slf4j\slf4j-
Launcher Type: SUN_STANDARD

[Global flags]
     intx CICompilerCount                          = 2                                         {product} {ergonomic}
     uint ConcGCThreads                            = 1                                         {product} {ergonomic}
     uint G1ConcRefinementThreads                  = 2                                         {product} {ergonomic}
   size_t G1HeapRegionSize                         = 1048576                                   {product} {ergonomic}
    uintx GCDrainStackTargetSize                   = 64                                        {product} {ergonomic}
   size_t InitialHeapSize                          = 67108864                                  {product} {ergonomic}
   size_t MarkStackSize                            = 4194304                                   {product} {ergonomic}
   size_t MaxHeapSize                              = 1061158912                                {product} {ergonomic}
   size_t MaxNewSize                               = 636485632                                 {product} {ergonomic}
   size_t MinHeapDeltaBytes                        = 1048576                                   {product} {ergonomic}
   size_t MinHeapSize                              = 8388608                                   {product} {ergonomic}
    uintx NonNMethodCodeHeapSize                   = 5826188                                {pd product} {ergonomic}
    uintx NonProfiledCodeHeapSize                  = 122916026                              {pd product} {ergonomic}
    uintx ProfiledCodeHeapSize                     = 122916026                              {pd product} {ergonomic}
    uintx ReservedCodeCacheSize                    = 251658240                              {pd product} {ergonomic}
     bool SegmentedCodeCache                       = true                                      {product} {ergonomic}
     bool ShowCodeDetailsInExceptionMessages       = true                                   {manageable} {command line}
   size_t SoftMaxHeapSize                          = 1061158912                             {manageable} {ergonomic}
     bool UseCompressedClassPointers               = true                                 {lp64_product} {ergonomic}
     bool UseCompressedOops                        = true                                 {lp64_product} {ergonomic}
     bool UseG1GC                                  = true                                      {product} {ergonomic}
     bool UseLargePagesIndividualAllocation        = false                                  {pd product} {ergonomic}

Logging:
Log output configuration:
 #0: stdout all=warning uptime,level,tags
 #1: stderr all=off uptime,level,tags

Environment Variables:
JAVA_HOME=C:\Program Files\Java\jdk-15.0.2
PATH=C:/Users/BERO/Downloads/sts-4.8.0.RELEASE//plugins/org.eclipse.justj.openjdk.hotspot.jre.full.win32.x86_64_14.0.2.v20200815-0932/jre/bin/server;C:/Users/BERO/Downloads/sts-4.8.0.RELEASE//plugins/org.eclipse.justj.openjdk.hotspot.jre.full.win32.x86_64_14.0.2.v20200815-0932/jre/bin;D:\app\BERO\product\11.2.0;C:\Program Files\Java\jdk-15.0.2\bin;C:\Users\BERO\node_modules\.bin;C:\Program Files\nodejs;C:\Program Files\nodejs\node_modules\npm\bin;C:\Program Files\MySQL\MySQL Server 8.0\bin;C:\Program Files\MySQL\MySQL Router 8.0\bin;C:\Program Files\MySQL\Connector ODBC 8.0;C:\Program Files\MySQL\MySQL Shell 8.0\bin;C:\Program Files\MySQL\MySQL Workbench 8.0 CE;C:\Program Files\MySQL\Connector C++ 8.0\lib64;C:\Program Files\Git\cmd;C:\Program Files\MySQL\MySQL Shell 8.0\bin\;D:\nodeJs\Microsoft VS Code\bin;C:\Users\BERO\AppData\Roaming\npm;C:\Program Files\Heroku\bin;C:\Users\BERO\Downloads\sts-4.8.0.RELEASE;
USERNAME=BERO
OS=Windows_NT
PROCESSOR_IDENTIFIER=Intel64 Family 6 Model 42 Stepping 7, GenuineIntel



---------------  S Y S T E M  ---------------

OS: Windows 7 , 64 bit Build 7601 (6.1.7601.17514)
OS uptime: 0 days 2:56 hours

CPU:total 2 (initial active 2) (2 cores per cpu, 1 threads per core) family 6 model 42 stepping 7, cmov, cx8, fxsr, mmx, sse, sse2, sse3, ssse3, sse4.1, sse4.2, popcnt, clmul, tsc, tscinvbit

Memory: 4k page, system-wide physical 4043M (736M free)
TotalPageFile size 9038M (AvailPageFile size 1384M)
current process WorkingSet (physical memory assigned to process): 303M, peak: 303M
current process commit charge ("private bytes"): 327M, peak: 327M

vm_info: OpenJDK 64-Bit Server VM (14.0.2+12-46) for windows-amd64 JRE (14.0.2+12-46), built on Jul  9 2020 00:31:16 by "mach5one" with MS VC++ 15.9 (VS2017)

END.
